<?xml version="1.0" encoding="UTF-8"?>
<!-- Generated by org.testng.reporters.JUnitXMLReporter -->
<testsuite hostname="LAPTOP-99QE08VK" name="Test" tests="1" failures="0" timestamp="5 Nov 2016 19:30:10 GMT" time="1.171" errors="0">
  <testcase name="@BeforeClass beforeClass" time="0.0" classname="com.act.Hybrid.bvt.AdminBvt_263">
    <failure type="java.lang.AssertionError" message="Login to jira is not successfully... expected [true] but found [false]">
      <![CDATA[java.lang.AssertionError: Login to jira is not successfully... expected [true] but found [false]
	at com.act.Hybrid.bvt.AdminBvt_263.beforeClass(AdminBvt_263.java:49)
... Removed 27 stack frames]]>
    </failure>
  </testcase> <!-- @BeforeClass beforeClass -->
  <testcase name="@BeforeMethod beforeMethod" time="0.0" classname="com.act.Hybrid.bvt.AdminBvt_263">
    <skipped/>
  </testcase> <!-- @BeforeMethod beforeMethod -->
  <testcase name="@AfterMethod afterMethod" time="0.0" classname="com.act.Hybrid.bvt.AdminBvt_263">
    <skipped/>
  </testcase> <!-- @AfterMethod afterMethod -->
  <testcase name="@AfterClass afterClass" time="0.0" classname="com.act.Hybrid.bvt.AdminBvt_263">
    <skipped/>
  </testcase> <!-- @AfterClass afterClass -->
  <testcase name="testBvt1" time="0.003" classname="com.act.Hybrid.bvt.AdminBvt_263">
    <skipped/>
  </testcase> <!-- testBvt1 -->
</testsuite> <!-- Test -->
